<?xml version="1.0" encoding="UTF-8"?>
<testsuite name="test.main.domain.TestNumerica" tests="5" skipped="0" failures="0" errors="0" timestamp="2026-06-22T16:56:31" hostname="javier-Victus-by-HP-Laptop-16-e0xxx" time="0.015">
  <properties/>
  <testcase name="testCreadora" classname="test.main.domain.TestNumerica" time="0.012"/>
  <testcase name="testValidar" classname="test.main.domain.TestNumerica" time="0.001"/>
  <testcase name="testIsValid" classname="test.main.domain.TestNumerica" time="0.002"/>
  <testcase name="testSetMax" classname="test.main.domain.TestNumerica" time="0.0"/>
  <testcase name="testSetMin" classname="test.main.domain.TestNumerica" time="0.0"/>
  <system-out><![CDATA[]]></system-out>
  <system-err><![CDATA[]]></system-err>
</testsuite>
