<?xml version="1.0" encoding="UTF-8"?>
<testsuite name="test.main.domain.TestCtrlPerfil" tests="9" skipped="0" failures="0" errors="0" timestamp="2026-06-22T16:56:31" hostname="javier-Victus-by-HP-Laptop-16-e0xxx" time="0.122">
  <properties/>
  <testcase name="testAddEncuestaCreadaSinPerfilCargado" classname="test.main.domain.TestCtrlPerfil" time="0.023"/>
  <testcase name="testAddRespuestaHecha" classname="test.main.domain.TestCtrlPerfil" time="0.009"/>
  <testcase name="testCrearPerfilYaExiste" classname="test.main.domain.TestCtrlPerfil" time="0.007"/>
  <testcase name="testAddRespuestaHechaSinPerfilCargado" classname="test.main.domain.TestCtrlPerfil" time="0.001"/>
  <testcase name="testBorrarPerfilCargadoSinPerfilCargado" classname="test.main.domain.TestCtrlPerfil" time="0.002"/>
  <testcase name="testCrearPerfilEmailInvalido" classname="test.main.domain.TestCtrlPerfil" time="0.006"/>
  <testcase name="testDeseleccionarPerfil" classname="test.main.domain.TestCtrlPerfil" time="0.062"/>
  <testcase name="testAddEncuestaCreada" classname="test.main.domain.TestCtrlPerfil" time="0.005"/>
  <testcase name="cargarPerfil" classname="test.main.domain.TestCtrlPerfil" time="0.006"/>
  <system-out><![CDATA[]]></system-out>
  <system-err><![CDATA[]]></system-err>
</testsuite>
