<?xml version="1.0" encoding="UTF-8"?>
<testsuite name="test.main.domain.TestEncuesta" tests="6" skipped="0" failures="0" errors="0" timestamp="2026-06-22T16:56:31" hostname="javier-Victus-by-HP-Laptop-16-e0xxx" time="0.018">
  <properties/>
  <testcase name="testCreadora" classname="test.main.domain.TestEncuesta" time="0.013"/>
  <testcase name="testConsistenciaHashSetTrasEliminar" classname="test.main.domain.TestEncuesta" time="0.001"/>
  <testcase name="testAddPreguntaMismoIdReemplaza" classname="test.main.domain.TestEncuesta" time="0.001"/>
  <testcase name="testSetPreguntas" classname="test.main.domain.TestEncuesta" time="0.001"/>
  <testcase name="testAddPregunta" classname="test.main.domain.TestEncuesta" time="0.0"/>
  <testcase name="testRemovePreguntaYRenumeracion" classname="test.main.domain.TestEncuesta" time="0.002"/>
  <system-out><![CDATA[]]></system-out>
  <system-err><![CDATA[]]></system-err>
</testsuite>
