<?xml version="1.0" encoding="UTF-8"?>
<testsuite name="test.main.domain.types.TestTDatosInteger" tests="6" skipped="0" failures="0" errors="0" timestamp="2026-06-22T16:56:32" hostname="javier-Victus-by-HP-Laptop-16-e0xxx" time="0.001">
  <properties/>
  <testcase name="testGetComponenteCentroide" classname="test.main.domain.types.TestTDatosInteger" time="0.001"/>
  <testcase name="testIgualdad" classname="test.main.domain.types.TestTDatosInteger" time="0.0"/>
  <testcase name="testDesigualdadTriangular" classname="test.main.domain.types.TestTDatosInteger" time="0.0"/>
  <testcase name="testCreadoraPorParametros" classname="test.main.domain.types.TestTDatosInteger" time="0.0"/>
  <testcase name="testCalcularDistanciaExcepcionNumMaxIgualANumMin" classname="test.main.domain.types.TestTDatosInteger" time="0.0"/>
  <testcase name="testCalcularDistancia" classname="test.main.domain.types.TestTDatosInteger" time="0.0"/>
  <system-out><![CDATA[]]></system-out>
  <system-err><![CDATA[]]></system-err>
</testsuite>
