<?xml version="1.0" encoding="UTF-8"?>
<testsuite name="test.main.domain.analisis.evaluador.TestCalinskiHarabasz" tests="2" skipped="0" failures="0" errors="0" timestamp="2026-06-22T16:56:31" hostname="javier-Victus-by-HP-Laptop-16-e0xxx" time="0.016">
  <properties/>
  <testcase name="testCalinskiHarabaszStrong" classname="test.main.domain.analisis.evaluador.TestCalinskiHarabasz" time="0.014"/>
  <testcase name="testCalinskiHarabaszWeak" classname="test.main.domain.analisis.evaluador.TestCalinskiHarabasz" time="0.002"/>
  <system-out><![CDATA[evaluacion: 256.0
evaluacion: 64.0
]]></system-out>
  <system-err><![CDATA[]]></system-err>
</testsuite>
