<?xml version="1.0" encoding="UTF-8"?>
<testsuite name="test.main.domain.TestFormatoLibre" tests="2" skipped="0" failures="0" errors="0" timestamp="2026-06-22T16:56:31" hostname="javier-Victus-by-HP-Laptop-16-e0xxx" time="0.009">
  <properties/>
  <testcase name="testValidar" classname="test.main.domain.TestFormatoLibre" time="0.009"/>
  <testcase name="testIsValid" classname="test.main.domain.TestFormatoLibre" time="0.0"/>
  <system-out><![CDATA[]]></system-out>
  <system-err><![CDATA[]]></system-err>
</testsuite>
